<?xml version="1.0" encoding="UTF-8"?>
<testsuite xmlns:xsi="http://www.w3.org/2001/XMLSchema-instance" xsi:noNamespaceSchemaLocation="https://maven.apache.org/surefire/maven-surefire-plugin/xsd/surefire-test-report.xsd" name="model.DBOrderItemTest" time="0.381" tests="4" errors="0" skipped="0" failures="0">
  <properties>
[...]
</properties>
  <testcase name="testUpdateItem" classname="model.DBOrderItemTest" time="0.339"/>
  <testcase name="testAddAndGetItemsForOrder" classname="model.DBOrderItemTest" time="0"/>
  <testcase name="testDeleteItem" classname="model.DBOrderItemTest" time="0"/>
  <testcase name="testGetItemsForOrderEmpty" classname="model.DBOrderItemTest" time="0.011"/>
</testsuite>